<?xml version="1.0" encoding="utf-8" standalone="no"?>
<test-results xmlns:xsi="http://www.w3.org/2001/XMLSchema-instance" xsi:noNamespaceSchemaLocation="nunit_schema_2.5.xsd" name="Pester" total="0" errors="0" failures="0" not-run="0" inconclusive="0" ignored="0" skipped="0" invalid="0" date="2019-03-05" time="07:29:21">
  <environment user="Laurent" machine-name="PORT3333" cwd="C:\Users\Laurent\Dropbox\01-DEV\Powershell\PSClassUtils" user-domain="PORT3333" platform="Microsoft Windows 10 Enterprise|C:\WINDOWS|\Device\Harddisk0\Partition2" nunit-version="2.5.8.0" os-version="10.0.18346" clr-version="4.0.30319.42000" />
  <culture-info current-culture="en-US" current-uiculture="en-US" />
  <test-suite type="TestFixture" name="Pester" executed="True" result="Success" success="True" time="0" asserts="0" description="Pester">
    <results />
  </test-suite>
</test-results>